<?xml version="1.0" encoding="UTF-8"?>
<testng-results skipped="0" failed="0" ignored="0" total="1" passed="1">
  <reporter-output>
  </reporter-output>
  <suite name="BDD Test Suite" duration-ms="24684" started-at="2020-08-13T02:16:19Z" finished-at="2020-08-13T02:16:43Z">
    <groups>
      <group name="cucumber">
        <method signature="TestRunner.feature(cucumber.api.testng.CucumberFeatureWrapper)[pri:0, instance:MYTestRunner.TestRunner@60f82f98]" name="feature" class="MYTestRunner.TestRunner"/>
      </group> <!-- cucumber -->
    </groups>
    <test name="Target page test" duration-ms="24684" started-at="2020-08-13T02:16:19Z" finished-at="2020-08-13T02:16:43Z">
      <class name="MYTestRunner.TestRunner">
        <test-method status="PASS" signature="setUpClass()[pri:0, instance:MYTestRunner.TestRunner@60f82f98]" name="setUpClass" is-config="true" duration-ms="769" started-at="2020-08-13T02:16:19Z" finished-at="2020-08-13T02:16:19Z">
          <reporter-output>
          </reporter-output>
        </test-method> <!-- setUpClass -->
        <test-method status="PASS" signature="feature(cucumber.api.testng.CucumberFeatureWrapper)[pri:0, instance:MYTestRunner.TestRunner@60f82f98]" name="feature" duration-ms="23598" started-at="2020-08-13T02:16:20Z" description="Runs Cucumber Feature" data-provider="features" finished-at="2020-08-13T02:16:43Z">
          <params>
            <param index="0">
              <value>
                <![CDATA[TargetAus feature]]>
              </value>
            </param>
          </params>
          <reporter-output>
          </reporter-output>
        </test-method> <!-- feature -->
        <test-method status="PASS" signature="tearDownClass()[pri:0, instance:MYTestRunner.TestRunner@60f82f98]" name="tearDownClass" is-config="true" duration-ms="17" started-at="2020-08-13T02:16:43Z" finished-at="2020-08-13T02:16:43Z">
          <reporter-output>
          </reporter-output>
        </test-method> <!-- tearDownClass -->
      </class> <!-- MYTestRunner.TestRunner -->
    </test> <!-- Target page test -->
  </suite> <!-- BDD Test Suite -->
</testng-results>
