<?xml version="1.0" encoding="UTF-8"?>
<testng-results skipped="0" failed="0" ignored="0" total="1" passed="1">
  <reporter-output>
  </reporter-output>
  <suite name="Default suite" duration-ms="24608" started-at="2020-08-13T06:39:06Z" finished-at="2020-08-13T06:39:31Z">
    <groups>
      <group name="cucumber">
        <method signature="TestRunner.feature(cucumber.api.testng.CucumberFeatureWrapper)[pri:0, instance:MYTestRunner.TestRunner@460d0a57]" name="feature" class="MYTestRunner.TestRunner"/>
      </group> <!-- cucumber -->
    </groups>
    <test name="Default test" duration-ms="24608" started-at="2020-08-13T06:39:06Z" finished-at="2020-08-13T06:39:31Z">
      <class name="MYTestRunner.TestRunner">
        <test-method status="PASS" signature="setUpClass()[pri:0, instance:MYTestRunner.TestRunner@460d0a57]" name="setUpClass" is-config="true" duration-ms="676" started-at="2020-08-13T06:39:06Z" finished-at="2020-08-13T06:39:07Z">
          <reporter-output>
          </reporter-output>
        </test-method> <!-- setUpClass -->
        <test-method status="PASS" signature="feature(cucumber.api.testng.CucumberFeatureWrapper)[pri:0, instance:MYTestRunner.TestRunner@460d0a57]" name="feature" duration-ms="23589" started-at="2020-08-13T06:39:07Z" description="Runs Cucumber Feature" data-provider="features" finished-at="2020-08-13T06:39:31Z">
          <params>
            <param index="0">
              <value>
                <![CDATA[TargetAus feature]]>
              </value>
            </param>
          </params>
          <reporter-output>
          </reporter-output>
        </test-method> <!-- feature -->
        <test-method status="PASS" signature="tearDownClass()[pri:0, instance:MYTestRunner.TestRunner@460d0a57]" name="tearDownClass" is-config="true" duration-ms="18" started-at="2020-08-13T06:39:31Z" finished-at="2020-08-13T06:39:31Z">
          <reporter-output>
          </reporter-output>
        </test-method> <!-- tearDownClass -->
      </class> <!-- MYTestRunner.TestRunner -->
    </test> <!-- Default test -->
  </suite> <!-- Default suite -->
</testng-results>
